[09:31:22] [ServerMain/INFO]: Building unoptimized datafixer
[09:31:25] [ServerMain/INFO]: Environment: authHost='https://authserver.mojang.com', accountsHost='https://api.mojang.com', sessionHost='https://sessionserver.mojang.com', servicesHost='https://api.minecraftservices.com', name='PROD'
[09:31:28] [ServerMain/INFO]: Loaded 7 recipes
[09:31:29] [Server thread/INFO]: Starting minecraft server version 1.19.3
[09:31:29] [Server thread/INFO]: Loading properties
[09:31:29] [Server thread/INFO]: This server is running Purpur version git-Purpur-1860 (MC: 1.19.3) (Implementing API version 1.19.3-R0.1-SNAPSHOT) (Git: 78e9a80 on HEAD)
[09:31:29] [Server thread/INFO]: Server Ping Player Sample Count: 12
[09:31:29] [Server thread/INFO]: Using 4 threads for Netty based IO
[09:31:29] [Server thread/INFO]: [ChunkTaskScheduler] Chunk system is using 1 I/O threads, 5 worker threads, and gen parallelism of 5 threads
[09:31:30] [Server thread/INFO]: Default game type: SURVIVAL
[09:31:30] [Server thread/INFO]: Generating keypair
[09:31:30] [Server thread/INFO]: Starting Minecraft server on *:1024
[09:31:30] [Server thread/INFO]: Using default channel type
[09:31:30] [Server thread/INFO]: Paper: Using Java compression from Velocity.
[09:31:30] [Server thread/INFO]: Paper: Using Java cipher from Velocity.
[09:31:32] [Server thread/INFO]: [Chunky] Loading Chunky v1.3.38
[09:31:32] [Server thread/INFO]: [PlaceholderAPI] Loading PlaceholderAPI v2.11.2
[09:31:32] [Server thread/INFO]: [TAB] Loading TAB v3.1.5
[09:31:32] [Server thread/INFO]: [spark] Loading spark v1.10.14
[09:31:32] [Server thread/INFO]: [ReputationPlus] Loading ReputationPlus v3.3
[09:31:32] [Server thread/INFO]: [ChunkyBorder] Loading ChunkyBorder v1.1.34
[09:31:32] [Server thread/INFO]: Server permissions file permissions.yml is empty, ignoring it
[09:31:32] [Server thread/INFO]: Preparing level "world"
[09:31:34] [Server thread/INFO]: Preparing start region for dimension minecraft:overworld
[09:31:34] [Server thread/INFO]: Time elapsed: 317 ms
[09:31:34] [Server thread/INFO]: Preparing start region for dimension minecraft:the_nether
[09:31:34] [Server thread/INFO]: Time elapsed: 52 ms
[09:31:34] [Server thread/INFO]: Preparing start region for dimension minecraft:the_end
[09:31:34] [Server thread/INFO]: Time elapsed: 44 ms
[09:31:34] [Server thread/INFO]: [Chunky] Enabling Chunky v1.3.38
[09:31:34] [Server thread/INFO]: [PlaceholderAPI] Enabling PlaceholderAPI v2.11.2
[09:31:35] [Server thread/INFO]: [PlaceholderAPI] Fetching available expansion information...
[09:31:35] [Server thread/INFO]: [TAB] Enabling TAB v3.1.5
[09:31:35] [Server thread/INFO]: [TAB] Server version: 1.19.3 (v1_19_R2)
[09:31:35] [Server thread/INFO]: [TAB] Your server version is completely unsupported. This plugin version only supports 1.5.x - 1.19.2. Disabling.
[09:31:35] [Server thread/INFO]: [TAB] Disabling TAB v3.1.5
[09:31:35] [Server thread/INFO]: [spark] Enabling spark v1.10.14
[09:31:36] [Server thread/INFO]: [spark] Using Paper ServerTickStartEvent for tick monitoring
[09:31:36] [Server thread/INFO]: [spark] Starting background profiler...
[09:31:36] [Server thread/INFO]: [spark] The async-profiler engine is not supported for your os/arch (windows10/amd64), so the built-in Java engine will be used instead.
[09:31:36] [Server thread/INFO]: [PlaceholderAPI] Successfully registered expansion: spark [1.10.14]
[09:31:36] [Server thread/INFO]: [spark] Registered PlaceholderAPI placeholders
[09:31:36] [Server thread/INFO]: [ReputationPlus] Enabling ReputationPlus v3.3
[09:31:36] [Server thread/INFO]: [ReputationPlus] Connected to the database!
[09:31:36] [Server thread/INFO]: [PlaceholderAPI] Successfully registered expansion: rep [1.0]
[09:31:36] [Server thread/INFO]: [PlaceholderAPI] Successfully registered expansion: reptop [1.0]
[09:31:36] [Server thread/INFO]: [ChunkyBorder] Enabling ChunkyBorder v1.1.34
[09:31:37] [Server thread/INFO]: [PlaceholderAPI] Placeholder expansion registration initializing...
[09:31:37] [Server thread/INFO]: 0 placeholder hook(s) registered!
[09:31:37] [Server thread/INFO]: Running delayed init tasks
[09:31:37] [Server thread/INFO]: Done (8.026s)! For help, type "help"
[09:31:37] [Craft Scheduler Thread - 0 - ReputationPlus/INFO]: [ReputationPlus] Plugin is up to date! Version: 3.3
